<?xml version="1.0" encoding="UTF-8"?>
<!-- Generated by org.testng.reporters.JUnitXMLReporter -->
<testsuite ignored="0" hostname="Jaleel" failures="1" tests="1" name="Test" time="19.797" errors="0" timestamp="2025-10-13T16:16:42 IST">
  <testcase classname="testCases.TC_002_Login_ValidCredentials" name="LoginWithValidCredentials" time="7.74">
    <failure type="java.lang.AssertionError" message="Actual and expected labels are not matched. expected is:  Logged in as jaleel but found: Logged in as jaleel expected [Logged in as jaleel] but found [ Logged in as jaleel]">
      <![CDATA[java.lang.AssertionError: Actual and expected labels are not matched. expected is:  Logged in as jaleel but found: Logged in as jaleel expected [Logged in as jaleel] but found [ Logged in as jaleel]
at testCases.TC_002_Login_ValidCredentials.LoginWithValidCredentials(TC_002_Login_ValidCredentials.java:34)
at java.base/java.util.ArrayList.forEach(ArrayList.java:1596)
... Removed 30 stack frames]]>
    </failure>
  </testcase> <!-- LoginWithValidCredentials -->
</testsuite> <!-- Test -->
