<?xml version="1.0" encoding="UTF-8"?>
<testng-results ignored="0" total="1" passed="1" failed="0" skipped="0">
  <reporter-output>
  </reporter-output>
  <suite started-at="2025-10-12T19:29:21 IST" name="Suite" finished-at="2025-10-12T19:29:44 IST" duration-ms="22535">
    <groups>
    </groups>
    <test started-at="2025-10-12T19:29:21 IST" name="Test" finished-at="2025-10-12T19:29:44 IST" duration-ms="22535">
      <class name="testCases.TC_001_RegisterUser">
        <test-method is-config="true" signature="SetUp(java.lang.String)[pri:0, instance:testCases.TC_001_RegisterUser@1d2adfbe]" started-at="2025-10-12T19:29:22 IST" name="SetUp" finished-at="2025-10-12T19:29:34 IST" duration-ms="12409" status="PASS">
          <params>
            <param index="0">
              <value>
                <![CDATA[chrome]]>
              </value>
            </param>
          </params>
          <reporter-output>
          </reporter-output>
        </test-method> <!-- SetUp -->
        <test-method signature="RegisterUser()[pri:0, instance:testCases.TC_001_RegisterUser@1d2adfbe]" started-at="2025-10-12T19:29:34 IST" name="RegisterUser" finished-at="2025-10-12T19:29:44 IST" duration-ms="9406" status="PASS">
          <reporter-output>
          </reporter-output>
        </test-method> <!-- RegisterUser -->
        <test-method is-config="true" signature="tearDown()[pri:0, instance:testCases.TC_001_RegisterUser@1d2adfbe]" started-at="2025-10-12T19:29:44 IST" name="tearDown" finished-at="2025-10-12T19:29:44 IST" duration-ms="324" status="PASS">
          <reporter-output>
          </reporter-output>
        </test-method> <!-- tearDown -->
      </class> <!-- testCases.TC_001_RegisterUser -->
    </test> <!-- Test -->
  </suite> <!-- Suite -->
</testng-results>
