<?xml version="1.0" encoding="UTF-8"?>
<testng-results ignored="0" total="1" passed="1" failed="0" skipped="0">
  <reporter-output>
  </reporter-output>
  <suite started-at="2025-10-16T15:40:32 IST" name="Suite" finished-at="2025-10-16T15:40:49 IST" duration-ms="17355">
    <groups>
    </groups>
    <test started-at="2025-10-16T15:40:32 IST" name="Test" finished-at="2025-10-16T15:40:49 IST" duration-ms="17355">
      <class name="testCases.TC_005_RegUser_ExistingEmail">
        <test-method is-config="true" signature="SetUp(java.lang.String)[pri:0, instance:testCases.TC_005_RegUser_ExistingEmail@8f4ea7c]" started-at="2025-10-16T15:40:32 IST" name="SetUp" finished-at="2025-10-16T15:40:43 IST" duration-ms="11257" status="PASS">
          <params>
            <param index="0">
              <value>
                <![CDATA[chrome]]>
              </value>
            </param>
          </params>
          <reporter-output>
          </reporter-output>
        </test-method> <!-- SetUp -->
        <test-method signature="RegUserWithExistingEmail()[pri:0, instance:testCases.TC_005_RegUser_ExistingEmail@8f4ea7c]" started-at="2025-10-16T15:40:43 IST" name="RegUserWithExistingEmail" finished-at="2025-10-16T15:40:49 IST" duration-ms="5564" status="PASS">
          <reporter-output>
          </reporter-output>
        </test-method> <!-- RegUserWithExistingEmail -->
        <test-method is-config="true" signature="tearDown()[pri:0, instance:testCases.TC_005_RegUser_ExistingEmail@8f4ea7c]" started-at="2025-10-16T15:40:49 IST" name="tearDown" finished-at="2025-10-16T15:40:49 IST" duration-ms="298" status="PASS">
          <reporter-output>
          </reporter-output>
        </test-method> <!-- tearDown -->
      </class> <!-- testCases.TC_005_RegUser_ExistingEmail -->
    </test> <!-- Test -->
  </suite> <!-- Suite -->
</testng-results>
