<?xml version="1.0" encoding="UTF-8"?>
<testng-results ignored="0" total="1" passed="1" failed="0" skipped="0">
  <reporter-output>
  </reporter-output>
  <suite started-at="2025-10-07T19:31:02 IST" name="Default suite" finished-at="2025-10-07T19:31:16 IST" duration-ms="13516">
    <groups>
    </groups>
    <test started-at="2025-10-07T19:31:02 IST" name="Default test" finished-at="2025-10-07T19:31:16 IST" duration-ms="13516">
      <class name="testCases.TC_001_RegisterUser">
        <test-method is-config="true" signature="SetUp()[pri:0, instance:testCases.TC_001_RegisterUser@6a6cb05c]" started-at="2025-10-07T19:31:02 IST" name="SetUp" finished-at="2025-10-07T19:31:13 IST" duration-ms="10670" status="PASS">
          <reporter-output>
          </reporter-output>
        </test-method> <!-- SetUp -->
        <test-method signature="RegisterUser()[pri:0, instance:testCases.TC_001_RegisterUser@6a6cb05c]" started-at="2025-10-07T19:31:13 IST" name="RegisterUser" finished-at="2025-10-07T19:31:16 IST" duration-ms="2811" status="PASS">
          <reporter-output>
          </reporter-output>
        </test-method> <!-- RegisterUser -->
      </class> <!-- testCases.TC_001_RegisterUser -->
    </test> <!-- Default test -->
  </suite> <!-- Default suite -->
</testng-results>
