<?xml version="1.0" encoding="UTF-8"?>
<testng-results ignored="0" total="1" passed="1" failed="0" skipped="0">
  <reporter-output>
  </reporter-output>
  <suite started-at="2025-10-15T12:55:52 IST" name="Suite" finished-at="2025-10-15T12:56:09 IST" duration-ms="17588">
    <groups>
    </groups>
    <test started-at="2025-10-15T12:55:52 IST" name="Test" finished-at="2025-10-15T12:56:09 IST" duration-ms="17588">
      <class name="testCases.TC_004_LogoutUser">
        <test-method is-config="true" signature="SetUp(java.lang.String)[pri:0, instance:testCases.TC_004_LogoutUser@3cd3e762]" started-at="2025-10-15T12:55:52 IST" name="SetUp" finished-at="2025-10-15T12:56:00 IST" duration-ms="7948" status="PASS">
          <params>
            <param index="0">
              <value>
                <![CDATA[chrome]]>
              </value>
            </param>
          </params>
          <reporter-output>
          </reporter-output>
        </test-method> <!-- SetUp -->
        <test-method signature="LogoutUser(java.lang.String)[pri:0, instance:testCases.TC_004_LogoutUser@3cd3e762]" started-at="2025-10-15T12:56:00 IST" name="LogoutUser" finished-at="2025-10-15T12:56:09 IST" duration-ms="8944" status="PASS">
          <params>
            <param index="0">
              <value>
                <![CDATA[jaleel]]>
              </value>
            </param>
          </params>
          <reporter-output>
          </reporter-output>
        </test-method> <!-- LogoutUser -->
        <test-method is-config="true" signature="tearDown()[pri:0, instance:testCases.TC_004_LogoutUser@3cd3e762]" started-at="2025-10-15T12:56:09 IST" name="tearDown" finished-at="2025-10-15T12:56:09 IST" duration-ms="333" status="PASS">
          <reporter-output>
          </reporter-output>
        </test-method> <!-- tearDown -->
      </class> <!-- testCases.TC_004_LogoutUser -->
    </test> <!-- Test -->
  </suite> <!-- Suite -->
</testng-results>
